<?xml version="1.0" encoding="UTF-8"?>
<!-- Generated by org.testng.reporters.JUnitReportReporter -->
<testsuite skipped="1" hostname="LAPTOP-JF65BFTU" name="SeleniumTestPackage.SeleniumGrid" tests="2" failures="0" timestamp="5 Oct 2021 05:52:26 GMT" time="0.004" errors="1">
  <testcase name="testlogin" time="0.004" classname="SeleniumTestPackage.SeleniumGrid">
    <skipped/>
  </testcase> <!-- testlogin -->
  <testcase name="setup" time="0.000" classname="SeleniumTestPackage.SeleniumGrid">
    <error type="java.lang.NullPointerException">
      <![CDATA[java.lang.NullPointerException
	at SeleniumBaseClass.BaseclassGird.setup(BaseclassGird.java:29)
	at sun.reflect.NativeMethodAccessorImpl.invoke0(Native Method)
	at sun.reflect.NativeMethodAccessorImpl.invoke(Unknown Source)
	at sun.reflect.DelegatingMethodAccessorImpl.invoke(Unknown Source)
	at java.lang.reflect.Method.invoke(Unknown Source)
	at org.testng.internal.MethodInvocationHelper.invokeMethod(MethodInvocationHelper.java:100)
	at org.testng.internal.Invoker.invokeConfigurationMethod(Invoker.java:515)
	at org.testng.internal.Invoker.invokeConfigurations(Invoker.java:216)
	at org.testng.internal.Invoker.invokeMethod(Invoker.java:590)
	at org.testng.internal.Invoker.invokeTestMethod(Invoker.java:811)
	at org.testng.internal.Invoker.invokeTestMethods(Invoker.java:1137)
	at org.testng.internal.TestMethodWorker.invokeTestMethods(TestMethodWorker.java:129)
	at org.testng.internal.TestMethodWorker.run(TestMethodWorker.java:112)
	at java.util.concurrent.ThreadPoolExecutor.runWorker(Unknown Source)
	at java.util.concurrent.ThreadPoolExecutor$Worker.run(Unknown Source)
	at java.lang.Thread.run(Unknown Source)
]]>
    </error>
  </testcase> <!-- setup -->
</testsuite> <!-- SeleniumTestPackage.SeleniumGrid -->
