<?xml version="1.0" encoding="UTF-8"?>
<!-- Generated by org.testng.reporters.JUnitReportReporter -->
<testsuite skipped="0" hostname="LAPTOP-JF65BFTU" name="SeleniumTestPackage.LoginClassGrid" tests="1" failures="0" timestamp="29 Sep 2021 12:30:51 GMT" time="33.477" errors="0">
  <testcase name="testloginchrome" time="33.477" classname="SeleniumTestPackage.LoginClassGrid"/>
</testsuite> <!-- SeleniumTestPackage.LoginClassGrid -->
