<?xml version="1.0" encoding="UTF-8"?>
<!-- Generated by org.testng.reporters.JUnitReportReporter -->
<testsuite hostname="LAPTOP-JF65BFTU" name="com.orangehrmlive.demo.TestSuites.TestList_UserManagement" tests="1" failures="0" timestamp="16 Dec 2021 05:12:59 GMT" time="202.436" errors="0">
  <testcase name="testuserManagementsuite" time="202.436" classname="com.orangehrmlive.demo.TestSuites.TestList_UserManagement"/>
</testsuite> <!-- com.orangehrmlive.demo.TestSuites.TestList_UserManagement -->
