<?xml version="1.0" encoding="UTF-8"?>
<!-- Generated by org.testng.reporters.JUnitReportReporter -->
<testsuite skipped="0" hostname="LAPTOP-JF65BFTU" name="SeleniumTestPackage.SeleniumGrid" tests="2" failures="0" timestamp="05 Oct 2021 06:19:02 GMT" time="216.371" errors="0">
  <testcase name="testlogin" time="91.463" classname="SeleniumTestPackage.SeleniumGrid"/>
  <testcase name="testlogin" time="124.908" classname="SeleniumTestPackage.SeleniumGrid"/>
</testsuite> <!-- SeleniumTestPackage.SeleniumGrid -->
